<?xml version="1.0" encoding="UTF-8"?>
<!-- Generated by org.testng.reporters.JUnitReportReporter -->
<testsuite hostname="Isrars-MacBook-Pro.local" failures="0" tests="1" name="tests.E2ETest" time="6.644" errors="0" timestamp="2025-08-10T16:13:44 IST" skipped="0">
  <testcase classname="tests.E2ETest" name="testE2ECheckoutFlow" time="6.644"/>
  <system-out/>
</testsuite> <!-- tests.E2ETest -->
